[0m17:58:08.379600 [debug] [MainThread]: Sending event: {'category': 'dbt', 'action': 'invocation', 'label': 'start', 'context': [<snowplow_tracker.self_describing_json.SelfDescribingJson object at 0x000002BC5170AC60>, <snowplow_tracker.self_describing_json.SelfDescribingJson object at 0x000002BC54056180>, <snowplow_tracker.self_describing_json.SelfDescribingJson object at 0x000002BC53EBA1E0>]}


============================== 17:58:08.394791 | bf9d77de-f765-436c-9f53-e2306d8d7ece ==============================
[0m17:58:08.394791 [info ] [MainThread]: Running with dbt=1.8.4
[0m17:58:08.397309 [debug] [MainThread]: running dbt with arguments {'printer_width': '80', 'indirect_selection': 'eager', 'log_cache_events': 'False', 'write_json': 'True', 'partial_parse': 'True', 'cache_selected_only': 'False', 'profiles_dir': './', 'debug': 'False', 'fail_fast': 'False', 'log_path': 'logs', 'version_check': 'True', 'warn_error': 'None', 'use_colors': 'True', 'use_experimental_parser': 'False', 'no_print': 'None', 'quiet': 'False', 'empty': 'None', 'warn_error_options': 'WarnErrorOptions(include=[], exclude=[])', 'invocation_command': 'dbt init --profiles-dir ./', 'log_format': 'default', 'static_parser': 'True', 'target_path': 'None', 'introspect': 'True', 'send_anonymous_usage_stats': 'True'}
[0m17:58:26.243338 [debug] [MainThread]: Starter project path: D:\a\week_3\dagster_dockerize\.venv\Lib\site-packages\dbt\include\starter_project
[0m17:58:26.294900 [info ] [MainThread]: 
Your new dbt project "stock_trans" was created!

For more information on how to configure the profiles.yml file,
please consult the dbt documentation here:

  https://docs.getdbt.com/docs/configure-your-profile

One more thing:

Need help? Don't hesitate to reach out to us via GitHub issues or on Slack:

  https://community.getdbt.com/

Happy modeling!

[0m17:58:26.294900 [info ] [MainThread]: Setting up your profile.
[0m18:00:00.555593 [info ] [MainThread]: Profile stock_trans written to profiles.yml using target's profile_template.yml and your supplied values. Run 'dbt debug' to validate the connection.
[0m18:00:00.560581 [debug] [MainThread]: Command `dbt init` succeeded at 18:00:00.560581 after 112.44 seconds
[0m18:00:00.562865 [debug] [MainThread]: Sending event: {'category': 'dbt', 'action': 'invocation', 'label': 'end', 'context': [<snowplow_tracker.self_describing_json.SelfDescribingJson object at 0x000002BC54056180>, <snowplow_tracker.self_describing_json.SelfDescribingJson object at 0x000002BC5170AC60>, <snowplow_tracker.self_describing_json.SelfDescribingJson object at 0x000002BC53D24740>]}
[0m18:00:00.564399 [debug] [MainThread]: Flushing usage events
[0m18:00:19.923393 [debug] [MainThread]: Sending event: {'category': 'dbt', 'action': 'invocation', 'label': 'start', 'context': [<snowplow_tracker.self_describing_json.SelfDescribingJson object at 0x000001F704133980>, <snowplow_tracker.self_describing_json.SelfDescribingJson object at 0x000001F704131970>, <snowplow_tracker.self_describing_json.SelfDescribingJson object at 0x000001F704133770>]}


============================== 18:00:19.934048 | 844438f4-c1ae-4c1b-b1ad-31663d631e70 ==============================
[0m18:00:19.934048 [info ] [MainThread]: Running with dbt=1.8.4
[0m18:00:19.936059 [debug] [MainThread]: running dbt with arguments {'printer_width': '80', 'indirect_selection': 'eager', 'write_json': 'True', 'log_cache_events': 'False', 'partial_parse': 'True', 'cache_selected_only': 'False', 'profiles_dir': 'C:\\Users\\Admin\\.dbt', 'debug': 'False', 'version_check': 'True', 'log_path': 'logs', 'warn_error': 'None', 'fail_fast': 'False', 'use_colors': 'True', 'use_experimental_parser': 'False', 'empty': 'None', 'quiet': 'False', 'no_print': 'None', 'log_format': 'default', 'invocation_command': 'dbt debug', 'introspect': 'True', 'warn_error_options': 'WarnErrorOptions(include=[], exclude=[])', 'target_path': 'None', 'static_parser': 'True', 'send_anonymous_usage_stats': 'True'}
[0m18:00:19.989529 [info ] [MainThread]: dbt version: 1.8.4
[0m18:00:19.989529 [info ] [MainThread]: python version: 3.12.2
[0m18:00:19.989529 [info ] [MainThread]: python path: D:\a\week_3\dagster_dockerize\.venv\Scripts\python.exe
[0m18:00:19.993541 [info ] [MainThread]: os info: Windows-11-10.0.22631-SP0
[0m18:00:19.993541 [info ] [MainThread]: Using profiles dir at C:\Users\Admin\.dbt
[0m18:00:19.993541 [info ] [MainThread]: Using profiles.yml file at C:\Users\Admin\.dbt\profiles.yml
[0m18:00:19.993541 [info ] [MainThread]: Using dbt_project.yml file at D:\a\week_3\dagster_dockerize\dbt_tranformation\dbt_project.yml
[0m18:00:19.993541 [info ] [MainThread]: Configuration:
[0m18:00:19.997749 [info ] [MainThread]:   profiles.yml file [[31mERROR not found[0m]
[0m18:00:19.997749 [info ] [MainThread]:   dbt_project.yml file [[31mERROR not found[0m]
[0m18:00:19.998756 [info ] [MainThread]: Required dependencies:
[0m18:00:19.999755 [debug] [MainThread]: Executing "git --help"
[0m18:00:20.084997 [debug] [MainThread]: STDOUT: "b"usage: git [-v | --version] [-h | --help] [-C <path>] [-c <name>=<value>]\n           [--exec-path[=<path>]] [--html-path] [--man-path] [--info-path]\n           [-p | --paginate | -P | --no-pager] [--no-replace-objects] [--bare]\n           [--git-dir=<path>] [--work-tree=<path>] [--namespace=<name>]\n           [--config-env=<name>=<envvar>] <command> [<args>]\n\nThese are common Git commands used in various situations:\n\nstart a working area (see also: git help tutorial)\n   clone     Clone a repository into a new directory\n   init      Create an empty Git repository or reinitialize an existing one\n\nwork on the current change (see also: git help everyday)\n   add       Add file contents to the index\n   mv        Move or rename a file, a directory, or a symlink\n   restore   Restore working tree files\n   rm        Remove files from the working tree and from the index\n\nexamine the history and state (see also: git help revisions)\n   bisect    Use binary search to find the commit that introduced a bug\n   diff      Show changes between commits, commit and working tree, etc\n   grep      Print lines matching a pattern\n   log       Show commit logs\n   show      Show various types of objects\n   status    Show the working tree status\n\ngrow, mark and tweak your common history\n   branch    List, create, or delete branches\n   commit    Record changes to the repository\n   merge     Join two or more development histories together\n   rebase    Reapply commits on top of another base tip\n   reset     Reset current HEAD to the specified state\n   switch    Switch branches\n   tag       Create, list, delete or verify a tag object signed with GPG\n\ncollaborate (see also: git help workflows)\n   fetch     Download objects and refs from another repository\n   pull      Fetch from and integrate with another repository or a local branch\n   push      Update remote refs along with associated objects\n\n'git help -a' and 'git help -g' list available subcommands and some\nconcept guides. See 'git help <command>' or 'git help <concept>'\nto read about a specific subcommand or concept.\nSee 'git help git' for an overview of the system.\n""
[0m18:00:20.086078 [debug] [MainThread]: STDERR: "b''"
[0m18:00:20.086585 [info ] [MainThread]:  - git [[32mOK found[0m]

[0m18:00:20.088382 [info ] [MainThread]: Connection test skipped since no profile was found
[0m18:00:20.088956 [info ] [MainThread]: [31m2 checks failed:[0m
[0m18:00:20.090037 [info ] [MainThread]: dbt looked for a profiles.yml file in C:\Users\Admin\.dbt\profiles.yml, but did
not find one. For more information on configuring your profile, consult the
documentation:

https://docs.getdbt.com/docs/configure-your-profile


[0m18:00:20.091134 [info ] [MainThread]: Project loading failed for the following reason:
 project path <D:\a\week_3\dagster_dockerize\dbt_tranformation\dbt_project.yml> not found

[0m18:00:20.093238 [debug] [MainThread]: Command `dbt debug` failed at 18:00:20.092620 after 0.49 seconds
[0m18:00:20.093238 [debug] [MainThread]: Sending event: {'category': 'dbt', 'action': 'invocation', 'label': 'end', 'context': [<snowplow_tracker.self_describing_json.SelfDescribingJson object at 0x000001F704DB89B0>, <snowplow_tracker.self_describing_json.SelfDescribingJson object at 0x000001F704C242F0>, <snowplow_tracker.self_describing_json.SelfDescribingJson object at 0x000001F7055655B0>]}
[0m18:00:20.093980 [debug] [MainThread]: Flushing usage events
